Removed Pin From Net: NetName=NetC9_1 Pin=VR1-1
Removed Pin From Net: NetName=NC0 Pin=VR1-3
Removed Pin From Net: NetName=NetC10_1 Pin=VR2-1
Removed Pin From Net: NetName=NC1 Pin=VR2-3
Removed Pin From Net: NetName=NetC11_1 Pin=VR3-1
Removed Pin From Net: NetName=NC2 Pin=VR3-3
Removed Pin From Net: NetName=NetC12_1 Pin=VR4-1
Removed Pin From Net: NetName=NC3 Pin=VR4-3
Removed Pin From Net: NetName=NetC13_1 Pin=VR5-1
Removed Pin From Net: NetName=NC4 Pin=VR5-3
Removed Pin From Net: NetName=NetC14_1 Pin=VR6-1
Removed Pin From Net: NetName=NC5 Pin=VR6-3
Removed Pin From Net: NetName=NetC15_1 Pin=VR7-1
Removed Pin From Net: NetName=NC6 Pin=VR7-3
Removed Pin From Net: NetName=NetC16_1 Pin=VR8-1
Removed Pin From Net: NetName=NC7 Pin=VR8-3
Added Pin To Net: NetName=NC0 Pin=VR1-1
Added Pin To Net: NetName=NetC9_1 Pin=VR1-3
Added Pin To Net: NetName=NC1 Pin=VR2-1
Added Pin To Net: NetName=NetC10_1 Pin=VR2-3
Added Pin To Net: NetName=NC2 Pin=VR3-1
Added Pin To Net: NetName=NetC11_1 Pin=VR3-3
Added Pin To Net: NetName=NC3 Pin=VR4-1
Added Pin To Net: NetName=NetC12_1 Pin=VR4-3
Added Pin To Net: NetName=NC4 Pin=VR5-1
Added Pin To Net: NetName=NetC13_1 Pin=VR5-3
Added Pin To Net: NetName=NC5 Pin=VR6-1
Added Pin To Net: NetName=NetC14_1 Pin=VR6-3
Added Pin To Net: NetName=NC6 Pin=VR7-1
Added Pin To Net: NetName=NetC15_1 Pin=VR7-3
Added Pin To Net: NetName=NC7 Pin=VR8-1
Added Pin To Net: NetName=NetC16_1 Pin=VR8-3
Added Room: Name=PLL_PCB
