Change Component Designator: OldDesignator=J1 NewDesignator=J3
Change Component Designator: OldDesignator=J2 NewDesignator=J4
Change Component Designator: OldDesignator=J5 NewDesignator=J7
Change Component Designator: OldDesignator=J6 NewDesignator=J8
Added Component: Designator=J1(CON_K_SMT_2d92)
Added Component: Designator=J2(CON_K_SMT_2d92)
Added Component: Designator=J5(CON_K_SMT_2d92)
Added Component: Designator=J6(CON_K_SMT_2d92)
Added Pin To Net: NetName=GND Pin=J1-1
Added Pin To Net: NetName=GND Pin=J1-2
Added Pin To Net: NetName=REF_CK_P Pin=J1-3
Added Pin To Net: NetName=GND Pin=J1-4
Added Pin To Net: NetName=GND Pin=J2-1
Added Pin To Net: NetName=GND Pin=J2-2
Added Pin To Net: NetName=REF_CK_N Pin=J2-3
Added Pin To Net: NetName=GND Pin=J2-4
Added Pin To Net: NetName=GND Pin=J5-1
Added Pin To Net: NetName=GND Pin=J5-2
Added Pin To Net: NetName=REF2_CK_P Pin=J5-3
Added Pin To Net: NetName=GND Pin=J5-4
Added Pin To Net: NetName=GND Pin=J6-1
Added Pin To Net: NetName=GND Pin=J6-2
Added Pin To Net: NetName=REF2_CK_N Pin=J6-3
Added Pin To Net: NetName=GND Pin=J6-4
Added Member To Class: ClassName=PLL_PCB Member=Component J3 CON_K_SMT_2d92
Added Member To Class: ClassName=PLL_PCB Member=Component J4 CON_K_SMT_2d92
Added Member To Class: ClassName=PLL_PCB Member=Component J7 CON_K_SMT_2d92
Added Member To Class: ClassName=PLL_PCB Member=Component J8 CON_K_SMT_2d92
Added Room: Name=PLL_PCB
