Removed Pin From Net: NetName=GND Pin=C59-1
Removed Pin From Net: NetName=GND Pin=C78-1
Removed Pin From Net: NetName=DVDD Pin=C78-2
Removed Pin From Net: NetName=GND Pin=H15-5
Removed Pin From Net: NetName=GND Pin=H15-11
Removed Pin From Net: NetName=SCAN_OUT Pin=H19-1
Removed Pin From Net: NetName=SCAN_SEL Pin=H19-2
Removed Pin From Net: NetName=SCAN_IN Pin=H19-3
Removed Pin From Net: NetName=SCAN_UPDATE Pin=H19-4
Removed Pin From Net: NetName=SCAN_CLKB Pin=H19-5
Removed Pin From Net: NetName=SCAN_CLKA Pin=H19-6
Removed Pin From Net: NetName=VCO_IREF Pin=R8-1
Removed Pin From Net: NetName=VCO_IREF2 Pin=R9-1
Removed Pin From Net: NetName=IREF Pin=R10-1
Removed Pin From Net: NetName=IREF2 Pin=R11-1
Removed Pin From Net: NetName=BUF_IREF Pin=R12-1
Removed Pin From Net: NetName=BUF_IREF2 Pin=R13-1
Removed Pin From Net: NetName=DVDD Pin=U9-4
Removed Pin From Net: NetName=GND Pin=U9-12
Removed Member From Class: ClassName=PLL_PCB Member=C59
Removed Member From Class: ClassName=PLL_PCB Member=C78
Removed Member From Class: ClassName=PLL_PCB Member=H15
Removed Member From Class: ClassName=PLL_PCB Member=H18
Removed Member From Class: ClassName=PLL_PCB Member=H19
Removed Member From Class: ClassName=PLL_PCB Member=R8
Removed Member From Class: ClassName=PLL_PCB Member=R9
Removed Member From Class: ClassName=PLL_PCB Member=R10
Removed Member From Class: ClassName=PLL_PCB Member=R11
Removed Member From Class: ClassName=PLL_PCB Member=R12
Removed Member From Class: ClassName=PLL_PCB Member=R13
Removed Member From Class: ClassName=PLL_PCB Member=U9
Added Component: Designator=H?(HDR2X6_SMT)
Added Pin To Net: NetName=IREF Pin=H17-1
Added Pin To Net: NetName=BUF_IREF Pin=H17-2
Added Pin To Net: NetName=VCO_IREF Pin=H17-4
Added Pin To Net: NetName=IREF2 Pin=H17-7
Added Pin To Net: NetName=BUF_IREF2 Pin=H17-8
Added Pin To Net: NetName=VCO_IREF2 Pin=H17-10
Added Pin To Net: NetName=GND Pin=H?-1
Added Pin To Net: NetName=GND Pin=H?-2
Added Pin To Net: NetName=GND Pin=H?-3
Added Pin To Net: NetName=SCAN_OUT Pin=H?-7
Added Pin To Net: NetName=SCAN_SEL Pin=H?-8
Added Pin To Net: NetName=SCAN_IN Pin=H?-9
Added Pin To Net: NetName=SCAN_UPDATE Pin=H?-10
Added Pin To Net: NetName=SCAN_CLKB Pin=H?-11
Added Pin To Net: NetName=SCAN_CLKA Pin=H?-12
Added Pin To Net: NetName=VDD12_0 Pin=H?-4
Added Pin To Net: NetName=VDD12_0 Pin=H?-5
Added Pin To Net: NetName=VDD12_0 Pin=H?-6
Added Net: Name=VDD12_0
Added Member To Class: ClassName=PLL_PCB Member=Component H? HEADER_2X6_SMT
