Change Component Designator: Old Designator=C7 New Designator=C6
Change Component Designator: Old Designator=C8 New Designator=C7
Change Component Designator: Old Designator=C9 New Designator=C8
Change Component Designator: Old Designator=C10 New Designator=C9
Change Component Designator: Old Designator=C11 New Designator=C10
Change Component Designator: Old Designator=C12 New Designator=C11
Change Component Designator: Old Designator=C13 New Designator=C12
Change Component Designator: Old Designator=C15 New Designator=C13
Change Component Designator: Old Designator=C16 New Designator=C14
Change Component Designator: Old Designator=C17 New Designator=C15
Change Component Designator: Old Designator=C18 New Designator=C16
Change Component Designator: Old Designator=C19 New Designator=C17
Change Component Designator: Old Designator=C20 New Designator=C18
Change Component Designator: Old Designator=C21 New Designator=C19
Change Component Designator: Old Designator=C23 New Designator=C20
Change Component Designator: Old Designator=C24 New Designator=C21
Change Component Designator: Old Designator=C25 New Designator=C22
Change Component Designator: Old Designator=C26 New Designator=C23
Change Component Designator: Old Designator=C27 New Designator=C24
Change Component Designator: Old Designator=C28 New Designator=C25
Change Component Designator: Old Designator=C29 New Designator=C26
Change Component Designator: Old Designator=C31 New Designator=C27
Change Component Designator: Old Designator=C32 New Designator=C28
Change Component Designator: Old Designator=C33 New Designator=C29
Change Component Designator: Old Designator=C34 New Designator=C30
Change Component Designator: Old Designator=C35 New Designator=C31
Change Component Designator: Old Designator=C36 New Designator=C32
Change Component Designator: Old Designator=C37 New Designator=C33
Change Component Designator: Old Designator=C39 New Designator=C34
Change Component Designator: Old Designator=C40 New Designator=C35
Change Component Designator: Old Designator=C41 New Designator=C36
Change Component Designator: Old Designator=C42 New Designator=C37
Change Component Designator: Old Designator=C43 New Designator=C38
Change Component Designator: Old Designator=C44 New Designator=C39
Change Component Designator: Old Designator=C45 New Designator=C40
Change Component Designator: Old Designator=C47 New Designator=C41
Change Component Designator: Old Designator=C48 New Designator=C42
Change Component Designator: Old Designator=C49 New Designator=C43
Change Component Designator: Old Designator=C50 New Designator=C44
Change Component Designator: Old Designator=C51 New Designator=C45
Change Component Designator: Old Designator=C52 New Designator=C46
Change Component Designator: Old Designator=C53 New Designator=C47
Change Component Designator: Old Designator=C55 New Designator=C48
Change Component Designator: Old Designator=C56 New Designator=C49
Change Component Designator: Old Designator=C57 New Designator=C50
Change Component Designator: Old Designator=C58 New Designator=C51
Change Component Designator: Old Designator=C59 New Designator=C52
Change Component Designator: Old Designator=C60 New Designator=C53
Change Component Designator: Old Designator=C61 New Designator=C54
Change Component Designator: Old Designator=C62 New Designator=C55
Change Component Designator: Old Designator=C63 New Designator=C56
Change Component Designator: Old Designator=C64 New Designator=C57
Change Component Designator: Old Designator=C65 New Designator=C58
Change Component Designator: Old Designator=C66 New Designator=C59
Change Component Designator: Old Designator=C67 New Designator=C60
Change Component Designator: Old Designator=C68 New Designator=C61
Change Component Designator: Old Designator=C69 New Designator=C62
Change Component Designator: Old Designator=C70 New Designator=C63
Change Component Designator: Old Designator=C71 New Designator=C64
Change Component Designator: Old Designator=C72 New Designator=C65
Change Component Designator: Old Designator=C73 New Designator=C66
Change Component Designator: Old Designator=C74 New Designator=C67
Change Component Designator: Old Designator=C75 New Designator=C68
Change Component Designator: Old Designator=C76 New Designator=C69
Change Component Designator: Old Designator=C77 New Designator=C70
Change Component Designator: Old Designator=C78 New Designator=C71
Change Component Designator: Old Designator=C79 New Designator=C72
Change Component Designator: Old Designator=C80 New Designator=C73
Change Component Designator: Old Designator=C81 New Designator=C74
Change Component Designator: Old Designator=C82 New Designator=C75
Change Component Designator: Old Designator=C83 New Designator=C76
Change Component Designator: Old Designator=C84 New Designator=C77
Change Component Designator: Old Designator=C85 New Designator=C78
Change Component Designator: Old Designator=C86 New Designator=C79
Change Component Designator: Old Designator=C87 New Designator=C80
Change Component Designator: Old Designator=C88 New Designator=C81
Change Component Designator: Old Designator=C89 New Designator=C82
Change Component Designator: Old Designator=C90 New Designator=C83
Change Component Designator: Old Designator=C91 New Designator=C84
Change Component Designator: Old Designator=C92 New Designator=C85
Change Component Designator: Old Designator=C93 New Designator=C86
Change Component Designator: Old Designator=C94 New Designator=C87
Change Component Designator: Old Designator=C95 New Designator=C88
Change Component Designator: Old Designator=C96 New Designator=C89
Change Component Designator: Old Designator=C97 New Designator=C90
Change Component Designator: Old Designator=C98 New Designator=C91
Change Component Designator: Old Designator=C99 New Designator=C92
Change Component Designator: Old Designator=C100 New Designator=C93
Change Component Designator: Old Designator=C101 New Designator=C94
Change Component Designator: Old Designator=C102 New Designator=C95
Change Component Designator: Old Designator=C103 New Designator=C96
Change Component Designator: Old Designator=H7 New Designator=H6
Change Component Designator: Old Designator=H8 New Designator=H7
Change Component Designator: Old Designator=H9 New Designator=H8
Change Component Designator: Old Designator=H10 New Designator=H9
Change Component Designator: Old Designator=H11 New Designator=H10
Change Component Designator: Old Designator=H12 New Designator=H11
Change Component Designator: Old Designator=H13 New Designator=H12
Change Component Designator: Old Designator=H15 New Designator=H13
Change Component Designator: Old Designator=H16 New Designator=H14
Change Component Designator: Old Designator=H17 New Designator=H15
Change Component Designator: Old Designator=H18 New Designator=H16
Change Component Designator: Old Designator=H19 New Designator=H17
Change Component Designator: Old Designator=H20 New Designator=H18
Change Component Designator: Old Designator=H21 New Designator=H19
Change Component Designator: Old Designator=R2 New Designator=R3
Change Component Designator: Old Designator=R3 New Designator=R2
Change Component Designator: Old Designator=R7 New Designator=R6
Change Component Designator: Old Designator=R8 New Designator=R7
Change Component Designator: Old Designator=R9 New Designator=R8
Change Component Designator: Old Designator=R10 New Designator=R9
Change Component Designator: Old Designator=R11 New Designator=R10
Change Component Designator: Old Designator=R12 New Designator=R11
Change Component Designator: Old Designator=R13 New Designator=R12
Change Component Designator: Old Designator=R14 New Designator=R13
Change Component Designator: Old Designator=U7 New Designator=U6
Change Component Designator: Old Designator=U8 New Designator=U7
Change Component Designator: Old Designator=U9 New Designator=U8
Change Component Designator: Old Designator=U10 New Designator=U9
Change Component Designator: Old Designator=VR7 New Designator=VR6
Change Component Designator: Old Designator=VR8 New Designator=VR7
