Removed Pin From Net: NetName=GND Pin=C6-1
Removed Pin From Net: NetName=VDD33 Pin=C6-2
Removed Pin From Net: NetName=GND Pin=C22-1
Removed Pin From Net: NetName=GND Pin=C30-1
Removed Pin From Net: NetName=GND Pin=C38-1
Removed Pin From Net: NetName=GND Pin=C46-1
Removed Pin From Net: NetName=GND Pin=C54-1
Removed Pin From Net: NetName=GND Pin=H6-1
Removed Pin From Net: NetName=VDD33 Pin=H6-3
Removed Pin From Net: NetName=VDD33 Pin=U6-2
Removed Pin From Net: NetName=GND Pin=U6-3
Removed Pin From Net: NetName=GND Pin=U6-6
Removed Pin From Net: NetName=GND Pin=VR6-2
Removed Member From Class: ClassName=PLL_PCB Member=C97
Removed Member From Class: ClassName=PLL_PCB Member=C98
Removed Member From Class: ClassName=PLL_PCB Member=C99
Removed Member From Class: ClassName=PLL_PCB Member=C100
Removed Member From Class: ClassName=PLL_PCB Member=C101
Removed Member From Class: ClassName=PLL_PCB Member=C102
Removed Member From Class: ClassName=PLL_PCB Member=C103
Removed Member From Class: ClassName=PLL_PCB Member=H20
Removed Member From Class: ClassName=PLL_PCB Member=H21
Removed Member From Class: ClassName=PLL_PCB Member=R14
Removed Member From Class: ClassName=PLL_PCB Member=U10
Removed Member From Class: ClassName=PLL_PCB Member=VR8
Change Component Designator: OldDesignator=C7 NewDesignator=C6
Change Component Designator: OldDesignator=C8 NewDesignator=C7
Change Component Designator: OldDesignator=C9 NewDesignator=C8
Change Component Designator: OldDesignator=C10 NewDesignator=C9
Change Component Designator: OldDesignator=C11 NewDesignator=C10
Change Component Designator: OldDesignator=C12 NewDesignator=C11
Change Component Designator: OldDesignator=C13 NewDesignator=C12
Change Component Designator: OldDesignator=C15 NewDesignator=C13
Change Component Designator: OldDesignator=C16 NewDesignator=C14
Change Component Designator: OldDesignator=C17 NewDesignator=C15
Change Component Designator: OldDesignator=C18 NewDesignator=C16
Change Component Designator: OldDesignator=C19 NewDesignator=C17
Change Component Designator: OldDesignator=C20 NewDesignator=C18
Change Component Designator: OldDesignator=C21 NewDesignator=C19
Change Component Designator: OldDesignator=C23 NewDesignator=C20
Change Component Designator: OldDesignator=C24 NewDesignator=C21
Change Component Designator: OldDesignator=C25 NewDesignator=C22
Change Component Designator: OldDesignator=C26 NewDesignator=C23
Change Component Designator: OldDesignator=C27 NewDesignator=C24
Change Component Designator: OldDesignator=C28 NewDesignator=C25
Change Component Designator: OldDesignator=C29 NewDesignator=C26
Change Component Designator: OldDesignator=C31 NewDesignator=C27
Change Component Designator: OldDesignator=C32 NewDesignator=C28
Change Component Designator: OldDesignator=C33 NewDesignator=C29
Change Component Designator: OldDesignator=C34 NewDesignator=C30
Change Component Designator: OldDesignator=C35 NewDesignator=C31
Change Component Designator: OldDesignator=C36 NewDesignator=C32
Change Component Designator: OldDesignator=C37 NewDesignator=C33
Change Component Designator: OldDesignator=C39 NewDesignator=C34
Change Component Designator: OldDesignator=C40 NewDesignator=C35
Change Component Designator: OldDesignator=C41 NewDesignator=C36
Change Component Designator: OldDesignator=C42 NewDesignator=C37
Change Component Designator: OldDesignator=C43 NewDesignator=C38
Change Component Designator: OldDesignator=C44 NewDesignator=C39
Change Component Designator: OldDesignator=C45 NewDesignator=C40
Change Component Designator: OldDesignator=C47 NewDesignator=C41
Change Component Designator: OldDesignator=C48 NewDesignator=C42
Change Component Designator: OldDesignator=C49 NewDesignator=C43
Change Component Designator: OldDesignator=C50 NewDesignator=C44
Change Component Designator: OldDesignator=C51 NewDesignator=C45
Change Component Designator: OldDesignator=C52 NewDesignator=C46
Change Component Designator: OldDesignator=C53 NewDesignator=C47
Change Component Designator: OldDesignator=C55 NewDesignator=C48
Change Component Designator: OldDesignator=C56 NewDesignator=C49
Change Component Designator: OldDesignator=C57 NewDesignator=C50
Change Component Designator: OldDesignator=C58 NewDesignator=C51
Change Component Designator: OldDesignator=C59 NewDesignator=C52
Change Component Designator: OldDesignator=C60 NewDesignator=C53
Change Component Designator: OldDesignator=C61 NewDesignator=C54
Change Component Designator: OldDesignator=C62 NewDesignator=C55
Change Component Designator: OldDesignator=C63 NewDesignator=C56
Change Component Designator: OldDesignator=C64 NewDesignator=C57
Change Component Designator: OldDesignator=C65 NewDesignator=C58
Change Component Designator: OldDesignator=C66 NewDesignator=C59
Change Component Designator: OldDesignator=C67 NewDesignator=C60
Change Component Designator: OldDesignator=C68 NewDesignator=C61
Change Component Designator: OldDesignator=C69 NewDesignator=C62
Change Component Designator: OldDesignator=C70 NewDesignator=C63
Change Component Designator: OldDesignator=C71 NewDesignator=C64
Change Component Designator: OldDesignator=C72 NewDesignator=C65
Change Component Designator: OldDesignator=C73 NewDesignator=C66
Change Component Designator: OldDesignator=C74 NewDesignator=C67
Change Component Designator: OldDesignator=C75 NewDesignator=C68
Change Component Designator: OldDesignator=C76 NewDesignator=C69
Change Component Designator: OldDesignator=C77 NewDesignator=C70
Change Component Designator: OldDesignator=C78 NewDesignator=C71
Change Component Designator: OldDesignator=C79 NewDesignator=C72
Change Component Designator: OldDesignator=C80 NewDesignator=C73
Change Component Designator: OldDesignator=C81 NewDesignator=C74
Change Component Designator: OldDesignator=C82 NewDesignator=C75
Change Component Designator: OldDesignator=C83 NewDesignator=C76
Change Component Designator: OldDesignator=C84 NewDesignator=C77
Change Component Designator: OldDesignator=C85 NewDesignator=C78
Change Component Designator: OldDesignator=C86 NewDesignator=C79
Change Component Designator: OldDesignator=C87 NewDesignator=C80
Change Component Designator: OldDesignator=C88 NewDesignator=C81
Change Component Designator: OldDesignator=C89 NewDesignator=C82
Change Component Designator: OldDesignator=C90 NewDesignator=C83
Change Component Designator: OldDesignator=C91 NewDesignator=C84
Change Component Designator: OldDesignator=C92 NewDesignator=C85
Change Component Designator: OldDesignator=C93 NewDesignator=C86
Change Component Designator: OldDesignator=C94 NewDesignator=C87
Change Component Designator: OldDesignator=C95 NewDesignator=C88
Change Component Designator: OldDesignator=C96 NewDesignator=C89
Change Component Designator: OldDesignator=C97 NewDesignator=C90
Change Component Designator: OldDesignator=C98 NewDesignator=C91
Change Component Designator: OldDesignator=C99 NewDesignator=C92
Change Component Designator: OldDesignator=C100 NewDesignator=C93
Change Component Designator: OldDesignator=C101 NewDesignator=C94
Change Component Designator: OldDesignator=C102 NewDesignator=C95
Change Component Designator: OldDesignator=C103 NewDesignator=C96
Change Component Designator: OldDesignator=H7 NewDesignator=H6
Change Component Designator: OldDesignator=H8 NewDesignator=H7
Change Component Designator: OldDesignator=H9 NewDesignator=H8
Change Component Designator: OldDesignator=H10 NewDesignator=H9
Change Component Designator: OldDesignator=H11 NewDesignator=H10
Change Component Designator: OldDesignator=H12 NewDesignator=H11
Change Component Designator: OldDesignator=H13 NewDesignator=H12
Change Component Designator: OldDesignator=H15 NewDesignator=H13
Change Component Designator: OldDesignator=H16 NewDesignator=H14
Change Component Designator: OldDesignator=H17 NewDesignator=H15
Change Component Designator: OldDesignator=H18 NewDesignator=H16
Change Component Designator: OldDesignator=H19 NewDesignator=H17
Change Component Designator: OldDesignator=H20 NewDesignator=H18
Change Component Designator: OldDesignator=H21 NewDesignator=H19
Change Component Designator: OldDesignator=R2 NewDesignator=R3
Change Component Designator: OldDesignator=R3 NewDesignator=R2
Change Component Designator: OldDesignator=R7 NewDesignator=R6
Change Component Designator: OldDesignator=R8 NewDesignator=R7
Change Component Designator: OldDesignator=R9 NewDesignator=R8
Change Component Designator: OldDesignator=R10 NewDesignator=R9
Change Component Designator: OldDesignator=R11 NewDesignator=R10
Change Component Designator: OldDesignator=R12 NewDesignator=R11
Change Component Designator: OldDesignator=R13 NewDesignator=R12
Change Component Designator: OldDesignator=R14 NewDesignator=R13
Change Component Designator: OldDesignator=U7 NewDesignator=U6
Change Component Designator: OldDesignator=U8 NewDesignator=U7
Change Component Designator: OldDesignator=U9 NewDesignator=U8
Change Component Designator: OldDesignator=U10 NewDesignator=U9
Change Component Designator: OldDesignator=VR7 NewDesignator=VR6
Change Component Designator: OldDesignator=VR8 NewDesignator=VR7
Added Pin To Net: NetName=DVDD Pin=U8-6
Change Net Name : Old Net Name=NetC9_1 New Net Name=NetC8_1
Change Net Name : Old Net Name=NetC10_1 New Net Name=NetC9_1
Change Net Name : Old Net Name=NetC11_1 New Net Name=NetC10_1
Change Net Name : Old Net Name=NetC12_1 New Net Name=NetC11_1
Change Net Name : Old Net Name=NetC12_2 New Net Name=NetC11_2
Change Net Name : Old Net Name=NetC13_1 New Net Name=NetC12_1
Change Net Name : Old Net Name=NetC15_1 New Net Name=NetC13_1
Change Net Name : Old Net Name=NetC16_1 New Net Name=NetC14_1
Change Net Name : Old Net Name=NetC20_2 New Net Name=NetC18_2
Change Net Color : Old Net Color=Maroon New Net Color=Yellow
Added Room: Name=PLL_PCB
